<?xml version="1.0" encoding="UTF-8"?>
<testsuite name="com.icanci01.guacamole.TestMainVerticle" tests="1" skipped="0" failures="0" errors="0" timestamp="2021-08-10T16:27:15" hostname="STATION-OMEN" time="0.63">
  <properties/>
  <testcase name="verticle_deployed(Vertx, VertxTestContext)" classname="com.icanci01.guacamole.TestMainVerticle" time="0.63"/>
  <system-out><![CDATA[HTTP server started on port 8888
]]></system-out>
  <system-err><![CDATA[]]></system-err>
</testsuite>
